TN:
SF:/Users/nate/workspace2/rekit-portal/src/Root.js
FN:10,(anonymous_0)
FNF:1
FNH:1
FNDA:1,(anonymous_0)
DA:11,1
DA:12,1
DA:13,1
LF:3
LH:3
BRDA:12,0,0,1
BRDA:12,0,1,0
BRF:2
BRH:1
end_of_record
TN:
SF:/Users/nate/workspace2/rekit-portal/src/index.js
FN:16,(anonymous_0)
FN:20,(anonymous_1)
FN:27,(anonymous_2)
FN:35,(anonymous_3)
FN:42,(anonymous_4)
FN:49,(anonymous_5)
FN:70,(anonymous_6)
FNF:7
FNH:0
FNDA:0,(anonymous_0)
FNDA:0,(anonymous_1)
FNDA:0,(anonymous_2)
FNDA:0,(anonymous_3)
FNDA:0,(anonymous_4)
FNDA:0,(anonymous_5)
FNDA:0,(anonymous_6)
DA:11,1
DA:12,1
DA:14,1
DA:15,0
DA:16,0
DA:17,0
DA:20,0
DA:21,0
DA:27,0
DA:28,0
DA:29,0
DA:35,0
DA:36,0
DA:42,0
DA:43,0
DA:49,0
DA:50,0
DA:54,1
DA:55,1
DA:56,1
DA:57,1
DA:58,1
DA:61,1
DA:69,1
DA:70,0
DA:71,0
DA:72,0
LF:27
LH:10
BRDA:14,0,0,0
BRDA:14,0,1,1
BRDA:55,1,0,1
BRDA:55,1,1,0
BRDA:69,2,0,0
BRDA:69,2,1,1
BRF:6
BRH:3
end_of_record
TN:
SF:/Users/nate/workspace2/rekit-portal/src/common/configStore.js
FN:9,(anonymous_0)
FN:23,configureStore
FN:31,(anonymous_2)
FNF:3
FNH:2
FNDA:1,(anonymous_0)
FNDA:1,configureStore
FNDA:0,(anonymous_2)
DA:5,1
DA:9,1
DA:12,1
DA:24,1
DA:29,1
DA:31,0
DA:32,0
DA:33,0
DA:37,1
LF:9
LH:6
BRDA:12,0,0,1
BRDA:29,1,0,0
BRDA:29,1,1,1
BRF:3
BRH:2
end_of_record
TN:
SF:/Users/nate/workspace2/rekit-portal/src/common/rootReducer.js
FNF:0
FNH:0
DA:17,1
LF:1
LH:1
BRF:0
BRH:0
end_of_record
TN:
SF:/Users/nate/workspace2/rekit-portal/src/common/routeConfig.js
FN:25,(anonymous_0)
FN:31,handleIndexRoute
FN:36,(anonymous_2)
FNF:3
FNH:3
FNDA:6,(anonymous_0)
FNDA:13,handleIndexRoute
FNDA:13,(anonymous_2)
DA:11,1
DA:19,1
DA:25,6
DA:32,13
DA:33,8
DA:36,5
DA:37,13
DA:44,1
DA:45,1
DA:46,1
DA:47,1
DA:48,1
DA:51,12
DA:54,5
DA:57,1
LF:15
LH:15
BRDA:25,0,0,6
BRDA:25,0,1,5
BRDA:25,0,2,5
BRDA:32,1,0,8
BRDA:32,1,1,5
BRDA:32,2,0,13
BRDA:32,2,1,5
BRDA:37,3,0,1
BRDA:37,3,1,12
BRDA:44,4,0,1
BRDA:48,5,0,1
BRDA:48,5,1,0
BRF:12
BRH:11
end_of_record
TN:
SF:/Users/nate/workspace2/rekit-portal/src/features/common/PageNotFound.js
FN:4,(anonymous_0)
FNF:1
FNH:1
FNDA:1,(anonymous_0)
DA:5,1
LF:1
LH:1
BRF:0
BRH:0
end_of_record
TN:
SF:/Users/nate/workspace2/rekit-portal/src/features/common/SearchInput.js
FN:15,(anonymous_0)
FN:18,(anonymous_1)
FN:24,(anonymous_2)
FNF:3
FNH:1
FNDA:0,(anonymous_0)
FNDA:0,(anonymous_1)
FNDA:1,(anonymous_2)
DA:16,0
DA:17,0
DA:18,0
DA:19,0
DA:20,0
DA:25,1
LF:6
LH:1
BRDA:17,0,0,0
BRDA:17,0,1,0
BRF:2
BRH:0
end_of_record
TN:
SF:/Users/nate/workspace2/rekit-portal/src/features/common/SimpleNav.js
FN:14,(anonymous_0)
FN:18,(anonymous_1)
FN:39,(anonymous_2)
FNF:3
FNH:3
FNDA:2,(anonymous_0)
FNDA:5,(anonymous_1)
FNDA:1,(anonymous_2)
DA:15,2
DA:20,5
DA:21,1
DA:22,4
DA:23,0
DA:25,4
DA:27,5
DA:29,5
DA:30,1
DA:32,5
DA:40,1
LF:11
LH:10
BRDA:20,0,0,1
BRDA:20,0,1,4
BRDA:22,1,0,0
BRDA:22,1,1,4
BRDA:27,2,0,5
BRDA:27,2,1,4
BRDA:29,3,0,1
BRDA:29,3,1,4
BRDA:29,4,0,5
BRDA:29,4,1,1
BRF:10
BRH:9
end_of_record
TN:
SF:/Users/nate/workspace2/rekit-portal/src/features/common/colors.js
FNF:0
FNH:0
LF:0
LH:0
BRF:0
BRH:0
end_of_record
TN:
SF:/Users/nate/workspace2/rekit-portal/src/features/common/index.js
FNF:0
FNH:0
LF:0
LH:0
BRF:0
BRH:0
end_of_record
TN:
SF:/Users/nate/workspace2/rekit-portal/src/features/common/route.js
FNF:0
FNH:0
LF:0
LH:0
BRF:0
BRH:0
end_of_record
TN:
SF:/Users/nate/workspace2/rekit-portal/src/features/common/redux/a1.js
FN:5,a1
FN:11,reducer
FNF:2
FNH:2
FNDA:1,a1
FNDA:1,reducer
DA:6,1
DA:12,1
DA:14,1
DA:19,0
LF:4
LH:3
BRDA:12,0,0,1
BRDA:12,0,1,0
BRF:2
BRH:1
end_of_record
TN:
SF:/Users/nate/workspace2/rekit-portal/src/features/common/redux/actions.js
FNF:0
FNH:0
LF:0
LH:0
BRF:0
BRH:0
end_of_record
TN:
SF:/Users/nate/workspace2/rekit-portal/src/features/common/redux/constants.js
FNF:0
FNH:0
DA:1,1
DA:2,1
LF:2
LH:2
BRF:0
BRH:0
end_of_record
TN:
SF:/Users/nate/workspace2/rekit-portal/src/features/common/redux/initialState.js
FNF:0
FNH:0
DA:1,1
LF:1
LH:1
BRF:0
BRH:0
end_of_record
TN:
SF:/Users/nate/workspace2/rekit-portal/src/features/common/redux/reducer.js
FN:9,reducer
FN:17,(anonymous_1)
FNF:2
FNH:2
FNDA:6,reducer
FNDA:6,(anonymous_1)
DA:5,1
DA:11,6
DA:14,6
DA:15,6
DA:17,6
LF:5
LH:5
BRDA:9,0,0,3
BRDA:11,1,0,6
BRF:2
BRH:2
end_of_record
TN:
SF:/Users/nate/workspace2/rekit-portal/src/features/common/redux/testAction.js
FN:5,testAction
FN:11,reducer
FNF:2
FNH:2
FNDA:1,testAction
FNDA:7,reducer
DA:6,1
DA:12,7
DA:14,1
DA:19,6
LF:4
LH:4
BRDA:12,0,0,1
BRDA:12,0,1,6
BRF:2
BRH:2
end_of_record
TN:
SF:/Users/nate/workspace2/rekit-portal/src/features/diagram/DefaultPage.js
FN:25,(anonymous_0)
FN:91,(anonymous_1)
FN:123,(anonymous_2)
FN:144,(anonymous_3)
FN:154,(anonymous_4)
FN:155,(anonymous_5)
FN:160,dragstarted
FN:166,dragged
FN:171,dragended
FN:178,(anonymous_9)
FN:181,(anonymous_10)
FN:187,(anonymous_11)
FN:191,(anonymous_12)
FN:201,(anonymous_13)
FN:210,(anonymous_14)
FN:218,(anonymous_15)
FN:233,(anonymous_16)
FN:252,(anonymous_17)
FN:256,ticked
FN:258,(anonymous_19)
FN:265,(anonymous_20)
FN:269,(anonymous_21)
FN:279,(anonymous_22)
FN:280,(anonymous_23)
FN:284,(anonymous_24)
FN:285,(anonymous_25)
FN:290,(anonymous_26)
FN:291,(anonymous_27)
FN:296,(anonymous_28)
FN:297,(anonymous_29)
FN:301,(anonymous_30)
FN:302,(anonymous_31)
FN:313,(anonymous_32)
FN:319,(anonymous_33)
FN:323,(anonymous_34)
FN:325,(anonymous_35)
FN:342,(anonymous_36)
FN:353,(anonymous_37)
FN:366,(anonymous_38)
FN:374,(anonymous_39)
FNF:40
FNH:6
FNDA:1,(anonymous_0)
FNDA:0,(anonymous_1)
FNDA:0,(anonymous_2)
FNDA:0,(anonymous_3)
FNDA:0,(anonymous_4)
FNDA:0,(anonymous_5)
FNDA:0,dragstarted
FNDA:0,dragged
FNDA:0,dragended
FNDA:0,(anonymous_9)
FNDA:0,(anonymous_10)
FNDA:0,(anonymous_11)
FNDA:0,(anonymous_12)
FNDA:0,(anonymous_13)
FNDA:0,(anonymous_14)
FNDA:0,(anonymous_15)
FNDA:0,(anonymous_16)
FNDA:0,(anonymous_17)
FNDA:0,ticked
FNDA:0,(anonymous_19)
FNDA:0,(anonymous_20)
FNDA:0,(anonymous_21)
FNDA:0,(anonymous_22)
FNDA:0,(anonymous_23)
FNDA:0,(anonymous_24)
FNDA:0,(anonymous_25)
FNDA:0,(anonymous_26)
FNDA:0,(anonymous_27)
FNDA:0,(anonymous_28)
FNDA:0,(anonymous_29)
FNDA:0,(anonymous_30)
FNDA:0,(anonymous_31)
FNDA:0,(anonymous_32)
FNDA:0,(anonymous_33)
FNDA:1,(anonymous_34)
FNDA:1,(anonymous_35)
FNDA:1,(anonymous_36)
FNDA:1,(anonymous_37)
FNDA:1,(anonymous_38)
FNDA:0,(anonymous_39)
DA:15,1
DA:26,1
DA:92,0
DA:93,0
DA:94,0
DA:95,0
DA:97,0
DA:98,0
DA:101,0
DA:102,0
DA:103,0
DA:105,0
DA:108,0
DA:109,0
DA:111,0
DA:113,0
DA:114,0
DA:117,0
DA:118,0
DA:120,0
DA:124,0
DA:125,0
DA:127,0
DA:134,0
DA:144,0
DA:149,0
DA:152,0
DA:154,0
DA:155,0
DA:161,0
DA:162,0
DA:163,0
DA:167,0
DA:168,0
DA:172,0
DA:173,0
DA:174,0
DA:177,0
DA:178,0
DA:181,0
DA:186,0
DA:187,0
DA:191,0
DA:200,0
DA:201,0
DA:210,0
DA:212,0
DA:218,0
DA:227,0
DA:233,0
DA:242,0
DA:252,0
DA:255,0
DA:257,0
DA:259,0
DA:260,0
DA:261,0
DA:262,0
DA:263,0
DA:265,0
DA:269,0
DA:270,0
DA:271,0
DA:272,0
DA:273,0
DA:274,0
DA:275,0
DA:278,0
DA:279,0
DA:280,0
DA:283,0
DA:284,0
DA:285,0
DA:288,0
DA:290,0
DA:291,0
DA:294,0
DA:296,0
DA:297,0
DA:300,0
DA:301,0
DA:302,0
DA:306,0
DA:310,0
DA:313,0
DA:316,0
DA:320,0
DA:324,1
DA:325,1
DA:331,1
DA:335,1
DA:343,1
DA:345,1
DA:352,1
DA:354,1
DA:359,1
DA:367,1
DA:374,0
LF:98
LH:12
BRDA:102,0,0,0
BRDA:102,0,1,0
BRDA:161,1,0,0
BRDA:161,1,1,0
BRDA:172,2,0,0
BRDA:172,2,1,0
BRDA:313,3,0,0
BRDA:313,3,1,0
BRF:8
BRH:0
end_of_record
TN:
SF:/Users/nate/workspace2/rekit-portal/src/features/diagram/DetailedDiagram.js
FN:15,(anonymous_0)
FN:19,(anonymous_1)
FN:51,(anonymous_2)
FN:69,(anonymous_3)
FN:79,(anonymous_4)
FN:80,(anonymous_5)
FN:85,dragstarted
FN:91,dragged
FN:96,dragended
FN:113,(anonymous_9)
FN:124,(anonymous_10)
FN:143,(anonymous_11)
FN:150,(anonymous_12)
FN:151,(anonymous_13)
FN:152,(anonymous_14)
FN:166,(anonymous_15)
FN:169,(anonymous_16)
FN:187,(anonymous_17)
FN:190,(anonymous_18)
FN:194,ticked
FN:196,(anonymous_20)
FN:197,(anonymous_21)
FN:198,(anonymous_22)
FN:199,(anonymous_23)
FN:234,(anonymous_24)
FN:235,(anonymous_25)
FN:239,(anonymous_26)
FN:240,(anonymous_27)
FN:244,(anonymous_28)
FN:245,(anonymous_29)
FN:262,(anonymous_30)
FN:268,(anonymous_31)
FN:272,(anonymous_32)
FNF:33
FNH:2
FNDA:1,(anonymous_0)
FNDA:0,(anonymous_1)
FNDA:0,(anonymous_2)
FNDA:0,(anonymous_3)
FNDA:0,(anonymous_4)
FNDA:0,(anonymous_5)
FNDA:0,dragstarted
FNDA:0,dragged
FNDA:0,dragended
FNDA:0,(anonymous_9)
FNDA:0,(anonymous_10)
FNDA:0,(anonymous_11)
FNDA:0,(anonymous_12)
FNDA:0,(anonymous_13)
FNDA:0,(anonymous_14)
FNDA:0,(anonymous_15)
FNDA:0,(anonymous_16)
FNDA:0,(anonymous_17)
FNDA:0,(anonymous_18)
FNDA:0,ticked
FNDA:0,(anonymous_20)
FNDA:0,(anonymous_21)
FNDA:0,(anonymous_22)
FNDA:0,(anonymous_23)
FNDA:0,(anonymous_24)
FNDA:0,(anonymous_25)
FNDA:0,(anonymous_26)
FNDA:0,(anonymous_27)
FNDA:0,(anonymous_28)
FNDA:0,(anonymous_29)
FNDA:0,(anonymous_30)
FNDA:1,(anonymous_31)
FNDA:0,(anonymous_32)
DA:16,1
DA:20,0
DA:21,0
DA:22,0
DA:23,0
DA:25,0
DA:26,0
DA:29,0
DA:30,0
DA:31,0
DA:33,0
DA:36,0
DA:37,0
DA:39,0
DA:41,0
DA:42,0
DA:45,0
DA:46,0
DA:48,0
DA:52,0
DA:59,0
DA:69,0
DA:74,0
DA:75,0
DA:77,0
DA:79,0
DA:80,0
DA:86,0
DA:87,0
DA:88,0
DA:92,0
DA:93,0
DA:97,0
DA:98,0
DA:99,0
DA:110,0
DA:113,0
DA:119,0
DA:124,0
DA:133,0
DA:143,0
DA:145,0
DA:150,0
DA:151,0
DA:152,0
DA:163,0
DA:166,0
DA:169,0
DA:180,0
DA:187,0
DA:190,0
DA:193,0
DA:195,0
DA:196,0
DA:197,0
DA:198,0
DA:199,0
DA:233,0
DA:234,0
DA:235,0
DA:238,0
DA:239,0
DA:240,0
DA:243,0
DA:244,0
DA:245,0
DA:249,0
DA:253,0
DA:259,0
DA:262,0
DA:265,0
DA:269,1
DA:272,0
LF:73
LH:2
BRDA:30,0,0,0
BRDA:30,0,1,0
BRDA:86,1,0,0
BRDA:86,1,1,0
BRDA:97,2,0,0
BRDA:97,2,1,0
BRDA:152,3,0,0
BRDA:152,3,1,0
BRDA:187,4,0,0
BRDA:187,4,1,0
BRDA:262,5,0,0
BRDA:262,5,1,0
BRF:12
BRH:0
end_of_record
TN:
SF:/Users/nate/workspace2/rekit-portal/src/features/diagram/ElementDiagram.js
FN:22,(anonymous_0)
FN:47,(anonymous_1)
FN:51,(anonymous_2)
FN:59,(anonymous_3)
FN:60,(anonymous_4)
FN:75,(anonymous_5)
FN:83,(anonymous_6)
FN:90,(anonymous_7)
FN:96,(anonymous_8)
FN:102,(anonymous_9)
FN:106,(anonymous_10)
FN:107,(anonymous_11)
FN:119,(anonymous_12)
FN:124,(anonymous_13)
FN:125,(anonymous_14)
FN:126,(anonymous_15)
FN:129,(anonymous_16)
FN:142,(anonymous_17)
FN:145,(anonymous_18)
FN:146,(anonymous_19)
FN:148,(anonymous_20)
FN:153,(anonymous_21)
FN:154,(anonymous_22)
FN:159,(anonymous_23)
FN:182,(anonymous_24)
FN:188,(anonymous_25)
FN:190,(anonymous_26)
FN:191,(anonymous_27)
FN:195,(anonymous_28)
FN:196,(anonymous_29)
FN:200,(anonymous_30)
FN:201,(anonymous_31)
FN:202,(anonymous_32)
FN:203,(anonymous_33)
FN:207,(anonymous_34)
FN:208,(anonymous_35)
FN:213,(anonymous_36)
FN:224,(anonymous_37)
FN:230,(anonymous_38)
FN:249,(anonymous_39)
FN:262,(anonymous_40)
FNF:41
FNH:2
FNDA:0,(anonymous_0)
FNDA:0,(anonymous_1)
FNDA:0,(anonymous_2)
FNDA:0,(anonymous_3)
FNDA:0,(anonymous_4)
FNDA:0,(anonymous_5)
FNDA:0,(anonymous_6)
FNDA:0,(anonymous_7)
FNDA:0,(anonymous_8)
FNDA:0,(anonymous_9)
FNDA:0,(anonymous_10)
FNDA:0,(anonymous_11)
FNDA:0,(anonymous_12)
FNDA:0,(anonymous_13)
FNDA:0,(anonymous_14)
FNDA:0,(anonymous_15)
FNDA:0,(anonymous_16)
FNDA:0,(anonymous_17)
FNDA:0,(anonymous_18)
FNDA:0,(anonymous_19)
FNDA:0,(anonymous_20)
FNDA:0,(anonymous_21)
FNDA:0,(anonymous_22)
FNDA:0,(anonymous_23)
FNDA:0,(anonymous_24)
FNDA:0,(anonymous_25)
FNDA:0,(anonymous_26)
FNDA:0,(anonymous_27)
FNDA:0,(anonymous_28)
FNDA:0,(anonymous_29)
FNDA:0,(anonymous_30)
FNDA:0,(anonymous_31)
FNDA:0,(anonymous_32)
FNDA:0,(anonymous_33)
FNDA:0,(anonymous_34)
FNDA:0,(anonymous_35)
FNDA:0,(anonymous_36)
FNDA:0,(anonymous_37)
FNDA:1,(anonymous_38)
FNDA:1,(anonymous_39)
FNDA:0,(anonymous_40)
DA:9,1
DA:10,1
DA:23,0
DA:24,0
DA:25,0
DA:26,0
DA:27,0
DA:29,0
DA:37,0
DA:41,0
DA:47,0
DA:51,0
DA:57,0
DA:59,0
DA:60,0
DA:67,0
DA:68,0
DA:69,0
DA:70,0
DA:72,0
DA:76,0
DA:77,0
DA:78,0
DA:84,0
DA:85,0
DA:86,0
DA:91,0
DA:92,0
DA:97,0
DA:98,0
DA:99,0
DA:103,0
DA:104,0
DA:106,0
DA:107,0
DA:119,0
DA:120,0
DA:121,0
DA:122,0
DA:124,0
DA:125,0
DA:126,0
DA:129,0
DA:137,0
DA:138,0
DA:139,0
DA:140,0
DA:142,0
DA:145,0
DA:146,0
DA:148,0
DA:149,0
DA:150,0
DA:151,0
DA:153,0
DA:154,0
DA:159,0
DA:167,0
DA:168,0
DA:169,0
DA:170,0
DA:172,0
DA:178,0
DA:179,0
DA:182,0
DA:184,0
DA:189,0
DA:190,0
DA:191,0
DA:194,0
DA:195,0
DA:196,0
DA:199,0
DA:200,0
DA:201,0
DA:202,0
DA:203,0
DA:206,0
DA:207,0
DA:208,0
DA:214,0
DA:215,0
DA:216,0
DA:218,0
DA:225,0
DA:231,1
DA:250,1
DA:262,0
LF:88
LH:4
BRDA:26,0,0,0
BRDA:26,0,1,0
BRDA:27,1,0,0
BRDA:27,1,1,0
BRDA:77,2,0,0
BRDA:77,2,1,0
BRDA:77,3,0,0
BRDA:77,3,1,0
BRDA:84,4,0,0
BRDA:84,4,1,0
BRDA:97,5,0,0
BRDA:97,5,1,0
BRDA:126,6,0,0
BRDA:126,6,1,0
BRDA:145,7,0,0
BRDA:145,7,1,0
BRDA:146,8,0,0
BRDA:146,8,1,0
BRDA:146,9,0,0
BRDA:146,9,1,0
BRDA:154,10,0,0
BRDA:154,10,1,0
BRDA:154,11,0,0
BRDA:154,11,1,0
BRDA:182,12,0,0
BRDA:182,12,1,0
BRDA:216,13,0,0
BRDA:216,13,1,0
BRDA:262,14,0,0
BRDA:262,14,1,1
BRF:30
BRH:1
end_of_record
TN:
SF:/Users/nate/workspace2/rekit-portal/src/features/diagram/FeatureDiagram.js
FN:8,(anonymous_0)
FNF:1
FNH:1
FNDA:1,(anonymous_0)
DA:9,1
LF:1
LH:1
BRF:0
BRH:0
end_of_record
TN:
SF:/Users/nate/workspace2/rekit-portal/src/features/diagram/OverviewChordDiagram.js
FN:13,uid
FN:22,drawPieBg
FN:25,(anonymous_2)
FN:29,(anonymous_3)
FN:37,getLinkCssClass
FN:66,drawLink
FN:70,(anonymous_6)
FN:79,drawFeatureNameText
FN:87,(anonymous_8)
FN:89,(anonymous_9)
FN:92,(anonymous_10)
FN:106,(anonymous_11)
FN:117,(anonymous_12)
FN:134,(anonymous_13)
FN:150,(anonymous_14)
FN:162,(anonymous_15)
FN:193,(anonymous_16)
FN:194,(anonymous_17)
FN:208,(anonymous_18)
FN:210,(anonymous_19)
FN:211,(anonymous_20)
FN:217,(anonymous_21)
FN:228,(anonymous_22)
FN:244,(anonymous_23)
FN:304,(anonymous_24)
FN:318,(anonymous_25)
FN:325,(anonymous_26)
FN:335,(anonymous_27)
FN:342,(anonymous_28)
FN:351,(anonymous_29)
FN:355,(anonymous_30)
FN:364,(anonymous_31)
FN:373,(anonymous_32)
FN:401,(anonymous_33)
FNF:34
FNH:4
FNDA:0,uid
FNDA:0,drawPieBg
FNDA:0,(anonymous_2)
FNDA:0,(anonymous_3)
FNDA:0,getLinkCssClass
FNDA:0,drawLink
FNDA:0,(anonymous_6)
FNDA:0,drawFeatureNameText
FNDA:0,(anonymous_8)
FNDA:0,(anonymous_9)
FNDA:0,(anonymous_10)
FNDA:1,(anonymous_11)
FNDA:0,(anonymous_12)
FNDA:0,(anonymous_13)
FNDA:0,(anonymous_14)
FNDA:0,(anonymous_15)
FNDA:0,(anonymous_16)
FNDA:0,(anonymous_17)
FNDA:0,(anonymous_18)
FNDA:0,(anonymous_19)
FNDA:0,(anonymous_20)
FNDA:0,(anonymous_21)
FNDA:0,(anonymous_22)
FNDA:0,(anonymous_23)
FNDA:0,(anonymous_24)
FNDA:0,(anonymous_25)
FNDA:0,(anonymous_26)
FNDA:0,(anonymous_27)
FNDA:0,(anonymous_28)
FNDA:1,(anonymous_29)
FNDA:1,(anonymous_30)
FNDA:0,(anonymous_31)
FNDA:1,(anonymous_32)
FNDA:0,(anonymous_33)
DA:11,1
DA:12,1
DA:15,0
DA:16,0
DA:17,0
DA:19,0
DA:23,0
DA:25,0
DA:30,0
DA:31,0
DA:32,0
DA:39,0
DA:40,0
DA:41,0
DA:42,0
DA:43,0
DA:44,0
DA:45,0
DA:46,0
DA:47,0
DA:48,0
DA:49,0
DA:58,0
DA:59,0
DA:62,0
DA:63,0
DA:67,0
DA:71,0
DA:72,0
DA:73,0
DA:74,0
DA:80,0
DA:87,0
DA:89,0
DA:92,0
DA:107,1
DA:108,1
DA:118,0
DA:124,0
DA:134,0
DA:140,0
DA:141,0
DA:142,0
DA:143,0
DA:144,0
DA:145,0
DA:147,0
DA:151,0
DA:152,0
DA:153,0
DA:154,0
DA:157,0
DA:158,0
DA:163,0
DA:164,0
DA:165,0
DA:173,0
DA:174,0
DA:175,0
DA:176,0
DA:178,0
DA:179,0
DA:180,0
DA:181,0
DA:183,0
DA:184,0
DA:185,0
DA:187,0
DA:188,0
DA:189,0
DA:190,0
DA:194,0
DA:195,0
DA:196,0
DA:197,0
DA:199,0
DA:200,0
DA:201,0
DA:202,0
DA:204,0
DA:205,0
DA:208,0
DA:209,0
DA:210,0
DA:211,0
DA:218,0
DA:219,0
DA:220,0
DA:226,0
DA:227,0
DA:229,0
DA:230,0
DA:231,0
DA:233,0
DA:238,0
DA:239,0
DA:240,0
DA:241,0
DA:245,0
DA:246,0
DA:247,0
DA:248,0
DA:249,0
DA:250,0
DA:251,0
DA:252,0
DA:253,0
DA:254,0
DA:255,0
DA:256,0
DA:257,0
DA:258,0
DA:260,0
DA:261,0
DA:262,0
DA:263,0
DA:265,0
DA:267,0
DA:268,0
DA:269,0
DA:270,0
DA:271,0
DA:273,0
DA:274,0
DA:275,0
DA:276,0
DA:278,0
DA:280,0
DA:282,0
DA:283,0
DA:284,0
DA:285,0
DA:286,0
DA:287,0
DA:288,0
DA:289,0
DA:291,0
DA:294,0
DA:295,0
DA:296,0
DA:298,0
DA:299,0
DA:305,0
DA:306,0
DA:307,0
DA:308,0
DA:310,0
DA:311,0
DA:319,0
DA:326,0
DA:327,0
DA:328,0
DA:329,0
DA:330,0
DA:336,0
DA:343,0
DA:344,0
DA:345,0
DA:346,0
DA:352,1
DA:353,1
DA:356,1
DA:357,1
DA:358,1
DA:359,1
DA:364,0
DA:374,1
DA:375,1
DA:376,1
DA:377,0
DA:378,0
DA:380,1
DA:401,0
LF:173
LH:14
BRDA:15,0,0,0
BRDA:15,0,1,0
BRDA:47,1,0,0
BRDA:47,1,1,0
BRDA:47,2,0,0
BRDA:47,2,1,0
BRDA:48,3,0,0
BRDA:48,3,1,0
BRDA:48,4,0,0
BRDA:48,4,1,0
BRDA:58,5,0,0
BRDA:58,5,1,0
BRDA:153,6,0,0
BRDA:153,6,1,0
BRDA:153,7,0,0
BRDA:153,7,1,0
BRDA:153,7,2,0
BRDA:157,8,0,0
BRDA:157,8,1,0
BRDA:196,9,0,0
BRDA:196,9,1,0
BRDA:199,10,0,0
BRDA:199,10,1,0
BRDA:201,11,0,0
BRDA:201,11,1,0
BRDA:201,12,0,0
BRDA:201,12,1,0
BRDA:229,13,0,0
BRDA:229,13,1,0
BRDA:246,14,0,0
BRDA:246,14,1,0
BRDA:253,15,0,0
BRDA:253,15,1,0
BRDA:268,16,0,0
BRDA:268,16,1,0
BRDA:294,17,0,0
BRDA:294,17,1,0
BRDA:295,18,0,0
BRDA:295,18,1,0
BRDA:296,19,0,0
BRDA:296,19,1,0
BRDA:310,20,0,0
BRDA:310,20,1,0
BRDA:326,21,0,0
BRDA:326,21,1,0
BRDA:344,22,0,0
BRDA:344,22,1,0
BRDA:357,23,0,1
BRDA:357,23,1,1
BRDA:358,24,0,1
BRDA:358,24,1,1
BRDA:375,25,0,1
BRDA:375,25,1,0
BRDA:377,26,0,0
BRDA:377,26,1,0
BRDA:400,27,0,0
BRDA:400,27,1,1
BRF:57
BRH:6
end_of_record
TN:
SF:/Users/nate/workspace2/rekit-portal/src/features/diagram/OverviewDiagram.js
FN:12,(anonymous_0)
FN:16,(anonymous_1)
FN:48,(anonymous_2)
FN:71,(anonymous_3)
FN:81,(anonymous_4)
FN:82,(anonymous_5)
FN:87,dragstarted
FN:93,dragged
FN:98,dragended
FN:105,(anonymous_9)
FN:108,(anonymous_10)
FN:109,(anonymous_11)
FN:116,(anonymous_12)
FN:120,(anonymous_13)
FN:121,(anonymous_14)
FN:130,(anonymous_15)
FN:139,(anonymous_16)
FN:147,(anonymous_17)
FN:163,(anonymous_18)
FN:184,(anonymous_19)
FN:188,ticked
FN:190,(anonymous_21)
FN:200,(anonymous_22)
FN:210,(anonymous_23)
FN:211,(anonymous_24)
FN:215,(anonymous_25)
FN:216,(anonymous_26)
FN:221,(anonymous_27)
FN:222,(anonymous_28)
FN:227,(anonymous_29)
FN:228,(anonymous_30)
FN:232,(anonymous_31)
FN:233,(anonymous_32)
FN:244,(anonymous_33)
FN:249,(anonymous_34)
FN:252,(anonymous_35)
FNF:36
FNH:1
FNDA:0,(anonymous_0)
FNDA:0,(anonymous_1)
FNDA:0,(anonymous_2)
FNDA:0,(anonymous_3)
FNDA:0,(anonymous_4)
FNDA:0,(anonymous_5)
FNDA:0,dragstarted
FNDA:0,dragged
FNDA:0,dragended
FNDA:0,(anonymous_9)
FNDA:0,(anonymous_10)
FNDA:0,(anonymous_11)
FNDA:0,(anonymous_12)
FNDA:0,(anonymous_13)
FNDA:0,(anonymous_14)
FNDA:0,(anonymous_15)
FNDA:0,(anonymous_16)
FNDA:0,(anonymous_17)
FNDA:0,(anonymous_18)
FNDA:0,(anonymous_19)
FNDA:0,ticked
FNDA:0,(anonymous_21)
FNDA:0,(anonymous_22)
FNDA:0,(anonymous_23)
FNDA:0,(anonymous_24)
FNDA:0,(anonymous_25)
FNDA:0,(anonymous_26)
FNDA:0,(anonymous_27)
FNDA:0,(anonymous_28)
FNDA:0,(anonymous_29)
FNDA:0,(anonymous_30)
FNDA:0,(anonymous_31)
FNDA:0,(anonymous_32)
FNDA:0,(anonymous_33)
FNDA:1,(anonymous_34)
FNDA:0,(anonymous_35)
DA:13,0
DA:17,0
DA:18,0
DA:19,0
DA:20,0
DA:22,0
DA:23,0
DA:26,0
DA:27,0
DA:28,0
DA:30,0
DA:33,0
DA:34,0
DA:36,0
DA:38,0
DA:39,0
DA:42,0
DA:43,0
DA:45,0
DA:49,0
DA:50,0
DA:51,0
DA:52,0
DA:54,0
DA:61,0
DA:71,0
DA:79,0
DA:81,0
DA:82,0
DA:88,0
DA:89,0
DA:90,0
DA:94,0
DA:95,0
DA:99,0
DA:100,0
DA:101,0
DA:104,0
DA:105,0
DA:108,0
DA:109,0
DA:115,0
DA:116,0
DA:120,0
DA:121,0
DA:129,0
DA:130,0
DA:139,0
DA:141,0
DA:147,0
DA:157,0
DA:163,0
DA:173,0
DA:184,0
DA:187,0
DA:189,0
DA:191,0
DA:192,0
DA:193,0
DA:194,0
DA:195,0
DA:200,0
DA:201,0
DA:202,0
DA:203,0
DA:204,0
DA:205,0
DA:206,0
DA:209,0
DA:210,0
DA:211,0
DA:214,0
DA:215,0
DA:216,0
DA:219,0
DA:221,0
DA:222,0
DA:225,0
DA:227,0
DA:228,0
DA:231,0
DA:232,0
DA:233,0
DA:237,0
DA:241,0
DA:244,0
DA:250,1
DA:252,0
LF:88
LH:1
BRDA:27,0,0,0
BRDA:27,0,1,0
BRDA:88,1,0,0
BRDA:88,1,1,0
BRDA:99,2,0,0
BRDA:99,2,1,0
BRDA:244,3,0,0
BRDA:244,3,1,0
BRF:8
BRH:0
end_of_record
TN:
SF:/Users/nate/workspace2/rekit-portal/src/features/diagram/index.js
FNF:0
FNH:0
LF:0
LH:0
BRF:0
BRH:0
end_of_record
TN:
SF:/Users/nate/workspace2/rekit-portal/src/features/diagram/route.js
FNF:0
FNH:0
LF:0
LH:0
BRF:0
BRH:0
end_of_record
TN:
SF:/Users/nate/workspace2/rekit-portal/src/features/diagram/redux/actions.js
FNF:0
FNH:0
LF:0
LH:0
BRF:0
BRH:0
end_of_record
TN:
SF:/Users/nate/workspace2/rekit-portal/src/features/diagram/redux/initialState.js
FNF:0
FNH:0
DA:1,1
LF:1
LH:1
BRF:0
BRH:0
end_of_record
TN:
SF:/Users/nate/workspace2/rekit-portal/src/features/diagram/redux/reducer.js
FN:6,reducer
FN:14,(anonymous_1)
FNF:2
FNH:1
FNDA:7,reducer
FNDA:0,(anonymous_1)
DA:3,1
DA:8,7
DA:11,7
DA:12,7
DA:14,7
LF:5
LH:5
BRDA:6,0,0,3
BRDA:8,1,0,7
BRF:2
BRH:2
end_of_record
TN:
SF:/Users/nate/workspace2/rekit-portal/src/features/diagram/selectors/getDetailedDiagramData.js
FNF:0
FNH:0
LF:0
LH:0
BRF:0
BRH:0
end_of_record
TN:
SF:/Users/nate/workspace2/rekit-portal/src/features/diagram/selectors/getElementDiagramData.js
FN:4,(anonymous_0)
FN:5,(anonymous_1)
FN:6,(anonymous_2)
FN:7,(anonymous_3)
FN:14,(anonymous_4)
FN:28,(anonymous_5)
FN:37,(anonymous_6)
FN:72,(anonymous_7)
FN:75,(anonymous_8)
FN:104,(anonymous_9)
FNF:10
FNH:0
FNDA:0,(anonymous_0)
FNDA:0,(anonymous_1)
FNDA:0,(anonymous_2)
FNDA:0,(anonymous_3)
FNDA:0,(anonymous_4)
FNDA:0,(anonymous_5)
FNDA:0,(anonymous_6)
FNDA:0,(anonymous_7)
FNDA:0,(anonymous_8)
FNDA:0,(anonymous_9)
DA:4,1
DA:5,1
DA:6,1
DA:7,1
DA:9,1
DA:15,0
DA:17,0
DA:18,0
DA:20,0
DA:28,0
DA:29,0
DA:30,0
DA:37,0
DA:38,0
DA:40,0
DA:47,0
DA:52,0
DA:54,0
DA:61,0
DA:71,0
DA:72,0
DA:75,0
DA:76,0
DA:77,0
DA:78,0
DA:79,0
DA:81,0
DA:82,0
DA:83,0
DA:90,0
DA:96,0
DA:104,0
DA:107,0
DA:108,0
DA:109,0
DA:117,0
LF:36
LH:5
BRDA:29,0,0,0
BRDA:29,0,1,0
BRDA:38,1,0,0
BRDA:38,1,1,0
BRDA:52,2,0,0
BRDA:52,2,1,0
BRDA:77,3,0,0
BRDA:77,3,1,0
BRDA:81,4,0,0
BRDA:81,4,1,0
BRDA:81,5,0,0
BRDA:81,5,1,0
BRDA:82,6,0,0
BRDA:82,6,1,0
BRF:14
BRH:0
end_of_record
TN:
SF:/Users/nate/workspace2/rekit-portal/src/features/diagram/selectors/getOverviewChordDiagramData.js
FN:4,(anonymous_0)
FN:5,(anonymous_1)
FN:6,(anonymous_2)
FN:7,(anonymous_3)
FN:19,flattenMiscFiles
FN:20,(anonymous_5)
FN:23,getMiscWeight
FN:25,(anonymous_7)
FN:30,scaleAngleByWeight
FN:44,(anonymous_9)
FN:55,(anonymous_10)
FN:65,(anonymous_11)
FN:70,(anonymous_12)
FN:92,(anonymous_13)
FN:102,(anonymous_14)
FN:127,(anonymous_15)
FN:129,(anonymous_16)
FN:131,(anonymous_17)
FN:138,(anonymous_18)
FN:143,(anonymous_19)
FN:154,(anonymous_20)
FN:158,(anonymous_21)
FN:161,(anonymous_22)
FN:180,(anonymous_23)
FN:180,(anonymous_24)
FN:236,(anonymous_25)
FNF:26
FNH:0
FNDA:0,(anonymous_0)
FNDA:0,(anonymous_1)
FNDA:0,(anonymous_2)
FNDA:0,(anonymous_3)
FNDA:0,flattenMiscFiles
FNDA:0,(anonymous_5)
FNDA:0,getMiscWeight
FNDA:0,(anonymous_7)
FNDA:0,scaleAngleByWeight
FNDA:0,(anonymous_9)
FNDA:0,(anonymous_10)
FNDA:0,(anonymous_11)
FNDA:0,(anonymous_12)
FNDA:0,(anonymous_13)
FNDA:0,(anonymous_14)
FNDA:0,(anonymous_15)
FNDA:0,(anonymous_16)
FNDA:0,(anonymous_17)
FNDA:0,(anonymous_18)
FNDA:0,(anonymous_19)
FNDA:0,(anonymous_20)
FNDA:0,(anonymous_21)
FNDA:0,(anonymous_22)
FNDA:0,(anonymous_23)
FNDA:0,(anonymous_24)
FNDA:0,(anonymous_25)
DA:4,1
DA:5,1
DA:6,1
DA:7,1
DA:10,1
DA:11,1
DA:12,1
DA:13,1
DA:14,1
DA:16,1
DA:17,1
DA:20,0
DA:25,0
DA:26,0
DA:27,0
DA:31,0
DA:32,0
DA:33,0
DA:35,0
DA:36,0
DA:38,0
DA:39,0
DA:41,0
DA:43,0
DA:44,0
DA:45,0
DA:46,0
DA:47,0
DA:50,1
DA:56,0
DA:57,0
DA:58,0
DA:59,0
DA:60,0
DA:61,0
DA:62,0
DA:64,0
DA:65,0
DA:70,0
DA:71,0
DA:72,0
DA:73,0
DA:74,0
DA:75,0
DA:89,0
DA:91,0
DA:92,0
DA:93,0
DA:94,0
DA:95,0
DA:96,0
DA:97,0
DA:98,0
DA:99,0
DA:101,0
DA:102,0
DA:103,0
DA:104,0
DA:105,0
DA:106,0
DA:120,0
DA:121,0
DA:124,0
DA:125,0
DA:126,0
DA:127,0
DA:128,0
DA:129,0
DA:131,0
DA:132,0
DA:134,0
DA:138,0
DA:140,0
DA:142,0
DA:143,0
DA:144,0
DA:146,0
DA:154,0
DA:155,0
DA:156,0
DA:157,0
DA:158,0
DA:159,0
DA:160,0
DA:161,0
DA:162,0
DA:163,0
DA:164,0
DA:165,0
DA:180,0
DA:181,0
DA:182,0
DA:184,0
DA:185,0
DA:186,0
DA:187,0
DA:189,0
DA:190,0
DA:193,0
DA:194,0
DA:195,0
DA:197,0
DA:200,0
DA:201,0
DA:203,0
DA:204,0
DA:205,0
DA:206,0
DA:207,0
DA:209,0
DA:211,0
DA:212,0
DA:213,0
DA:214,0
DA:215,0
DA:216,0
DA:217,0
DA:219,0
DA:222,0
DA:223,0
DA:226,0
DA:227,0
DA:229,0
DA:234,0
DA:236,0
DA:237,0
DA:238,0
DA:239,0
DA:275,0
LF:129
LH:12
BRDA:20,0,0,0
BRDA:20,0,1,0
BRDA:26,1,0,0
BRDA:26,1,1,0
BRDA:31,2,0,0
BRDA:31,2,1,0
BRDA:33,3,0,0
BRDA:33,3,1,0
BRDA:39,4,0,0
BRDA:39,4,1,0
BRDA:96,5,0,0
BRDA:96,5,1,0
BRDA:97,6,0,0
BRDA:97,6,1,0
BRDA:99,7,0,0
BRDA:99,7,1,0
BRDA:132,8,0,0
BRDA:132,8,1,0
BRDA:140,9,0,0
BRDA:140,9,1,0
BRDA:157,10,0,0
BRDA:157,10,1,0
BRDA:180,11,0,0
BRDA:180,11,1,0
BRDA:194,12,0,0
BRDA:194,12,1,0
BRDA:205,13,0,0
BRDA:205,13,1,0
BRDA:212,14,0,0
BRDA:212,14,1,0
BRDA:215,15,0,0
BRDA:215,15,1,0
BRDA:216,16,0,0
BRDA:216,16,1,0
BRDA:219,17,0,0
BRDA:219,17,1,0
BRDA:237,18,0,0
BRDA:237,18,1,0
BRF:38
BRH:0
end_of_record
TN:
SF:/Users/nate/workspace2/rekit-portal/src/features/diagram/selectors/getOverviewDiagramData.js
FN:4,(anonymous_0)
FN:5,(anonymous_1)
FN:10,(anonymous_2)
FN:12,(anonymous_3)
FN:16,(anonymous_4)
FN:23,(anonymous_5)
FN:53,(anonymous_6)
FN:54,(anonymous_7)
FN:59,(anonymous_8)
FNF:9
FNH:0
FNDA:0,(anonymous_0)
FNDA:0,(anonymous_1)
FNDA:0,(anonymous_2)
FNDA:0,(anonymous_3)
FNDA:0,(anonymous_4)
FNDA:0,(anonymous_5)
FNDA:0,(anonymous_6)
FNDA:0,(anonymous_7)
FNDA:0,(anonymous_8)
DA:4,1
DA:5,1
DA:7,1
DA:11,0
DA:12,0
DA:13,0
DA:14,0
DA:16,0
DA:17,0
DA:18,0
DA:24,0
DA:26,0
DA:31,0
DA:32,0
DA:33,0
DA:35,0
DA:42,0
DA:46,0
DA:47,0
DA:48,0
DA:49,0
DA:50,0
DA:52,0
DA:53,0
DA:54,0
DA:57,0
DA:58,0
DA:59,0
DA:60,0
DA:61,0
DA:62,0
DA:63,0
DA:65,0
DA:67,0
DA:68,0
DA:75,0
DA:76,0
DA:77,0
DA:84,0
LF:39
LH:3
BRDA:17,0,0,0
BRDA:17,0,1,0
BRDA:24,1,0,0
BRDA:24,1,1,0
BRDA:32,2,0,0
BRDA:32,2,1,0
BRDA:48,3,0,0
BRDA:48,3,1,0
BRDA:53,4,0,0
BRDA:53,4,1,0
BRDA:53,4,2,0
BRDA:53,4,3,0
BRDA:54,5,0,0
BRDA:54,5,1,0
BRDA:57,6,0,0
BRDA:57,6,1,0
BRDA:61,7,0,0
BRDA:61,7,1,0
BRDA:62,8,0,0
BRDA:62,8,1,0
BRDA:67,9,0,0
BRDA:67,9,1,0
BRF:22
BRH:0
end_of_record
TN:
SF:/Users/nate/workspace2/rekit-portal/src/features/home/About.js
FN:10,(anonymous_0)
FN:40,(anonymous_1)
FN:89,(anonymous_2)
FN:97,(anonymous_3)
FNF:4
FNH:2
FNDA:1,(anonymous_0)
FNDA:0,(anonymous_1)
FNDA:1,(anonymous_2)
FNDA:0,(anonymous_3)
DA:11,1
DA:12,1
DA:41,0
DA:42,0
DA:90,1
DA:91,0
DA:93,1
DA:97,0
LF:8
LH:4
BRDA:90,0,0,0
BRDA:90,0,1,1
BRF:2
BRH:1
end_of_record
TN:
SF:/Users/nate/workspace2/rekit-portal/src/features/home/AddActionForm.js
FN:8,(anonymous_0)
FNF:1
FNH:1
FNDA:1,(anonymous_0)
DA:9,1
LF:1
LH:1
BRF:0
BRH:0
end_of_record
TN:
SF:/Users/nate/workspace2/rekit-portal/src/features/home/AddDialog.js
FN:8,(anonymous_0)
FNF:1
FNH:1
FNDA:1,(anonymous_0)
DA:9,1
LF:1
LH:1
BRF:0
BRH:0
end_of_record
TN:
SF:/Users/nate/workspace2/rekit-portal/src/features/home/App.js
FN:23,(anonymous_0)
FN:27,(anonymous_1)
FN:32,(anonymous_2)
FN:39,(anonymous_3)
FN:48,(anonymous_4)
FN:67,mapStateToProps
FN:73,mapDispatchToProps
FNF:7
FNH:6
FNDA:1,(anonymous_0)
FNDA:2,(anonymous_1)
FNDA:0,(anonymous_2)
FNDA:4,(anonymous_3)
FNDA:4,(anonymous_4)
FNDA:3,mapStateToProps
FNDA:1,mapDispatchToProps
DA:24,1
DA:28,2
DA:29,0
DA:30,0
DA:33,0
DA:34,0
DA:40,4
DA:49,4
DA:50,4
DA:53,0
DA:68,3
DA:74,1
LF:12
LH:7
BRDA:28,0,0,0
BRDA:28,0,1,2
BRDA:28,1,0,2
BRDA:28,1,1,0
BRDA:28,1,2,0
BRDA:49,2,0,4
BRDA:49,2,1,0
BRF:7
BRH:3
end_of_record
TN:
SF:/Users/nate/workspace2/rekit-portal/src/features/home/CodeView.js
FN:45,(anonymous_0)
FN:49,(anonymous_1)
FN:56,(anonymous_2)
FN:60,(anonymous_3)
FN:65,(anonymous_4)
FN:73,(anonymous_5)
FN:79,(anonymous_6)
FN:81,(anonymous_7)
FN:93,(anonymous_8)
FN:104,(anonymous_9)
FNF:10
FNH:2
FNDA:0,(anonymous_0)
FNDA:0,(anonymous_1)
FNDA:0,(anonymous_2)
FNDA:1,(anonymous_3)
FNDA:0,(anonymous_4)
FNDA:0,(anonymous_5)
FNDA:0,(anonymous_6)
FNDA:0,(anonymous_7)
FNDA:1,(anonymous_8)
FNDA:0,(anonymous_9)
DA:46,0
DA:50,0
DA:51,0
DA:52,0
DA:57,0
DA:61,1
DA:66,0
DA:67,0
DA:68,0
DA:69,0
DA:74,0
DA:75,0
DA:79,0
DA:80,0
DA:82,0
DA:83,0
DA:84,0
DA:85,0
DA:89,0
DA:90,0
DA:94,1
DA:95,1
DA:96,1
DA:98,1
DA:104,0
LF:25
LH:5
BRDA:51,0,0,0
BRDA:51,0,1,0
BRDA:51,1,0,0
BRDA:51,1,1,0
BRDA:67,2,0,0
BRDA:67,2,1,0
BRDA:67,3,0,0
BRDA:67,3,1,0
BRDA:73,4,0,0
BRDA:75,5,0,0
BRDA:75,5,1,0
BRDA:76,6,0,0
BRDA:76,6,1,0
BRDA:76,6,2,0
BRDA:83,7,0,0
BRDA:83,7,1,0
BRDA:96,8,0,1
BRDA:96,8,1,1
BRDA:101,9,0,0
BRDA:101,9,1,1
BRDA:105,10,0,0
BRDA:105,10,1,1
BRF:22
BRH:4
end_of_record
TN:
SF:/Users/nate/workspace2/rekit-portal/src/features/home/DemoAlert.js
FN:14,(anonymous_0)
FNF:1
FNH:1
FNDA:1,(anonymous_0)
DA:15,1
LF:1
LH:1
BRF:0
BRH:0
end_of_record
TN:
SF:/Users/nate/workspace2/rekit-portal/src/features/home/ElementPage.js
FN:23,(anonymous_0)
FN:45,(anonymous_1)
FN:52,(anonymous_2)
FN:58,(anonymous_3)
FN:66,(anonymous_4)
FN:87,(anonymous_5)
FN:96,(anonymous_6)
FNF:7
FNH:3
FNDA:1,(anonymous_0)
FNDA:0,(anonymous_1)
FNDA:0,(anonymous_2)
FNDA:1,(anonymous_3)
FNDA:0,(anonymous_4)
FNDA:0,(anonymous_5)
FNDA:1,(anonymous_6)
DA:11,1
DA:24,1
DA:25,1
DA:26,1
DA:27,1
DA:28,1
DA:29,1
DA:30,1
DA:32,1
DA:34,0
DA:47,0
DA:53,0
DA:54,0
DA:59,1
DA:67,0
DA:68,0
DA:69,0
DA:70,0
DA:75,0
DA:76,0
DA:78,0
DA:79,0
DA:80,0
DA:82,0
DA:83,0
DA:85,0
DA:87,0
DA:88,0
DA:98,1
DA:99,1
DA:100,1
DA:103,0
DA:104,0
DA:107,0
DA:109,0
DA:110,0
DA:111,0
DA:112,0
DA:114,0
DA:115,0
DA:117,0
DA:118,0
DA:120,0
DA:121,0
DA:123,0
DA:124,0
DA:127,0
DA:133,0
DA:134,0
DA:137,0
LF:50
LH:13
BRDA:26,0,0,0
BRDA:26,0,1,1
BRDA:29,1,0,1
BRDA:29,1,1,0
BRDA:32,2,0,1
BRDA:32,2,1,0
BRDA:68,3,0,0
BRDA:68,3,1,0
BRDA:76,4,0,0
BRDA:76,4,1,0
BRDA:76,4,2,0
BRDA:78,5,0,0
BRDA:78,5,1,0
BRDA:79,6,0,0
BRDA:79,6,1,0
BRDA:82,7,0,0
BRDA:82,7,1,0
BRDA:99,8,0,1
BRDA:99,8,1,0
BRDA:104,9,0,0
BRDA:104,9,1,0
BRDA:104,9,2,0
BRDA:107,10,0,0
BRDA:107,10,1,0
BRDA:107,11,0,0
BRDA:107,11,1,0
BRDA:109,12,0,0
BRDA:109,12,1,0
BRDA:110,13,0,0
BRDA:110,13,1,0
BRDA:111,14,0,0
BRDA:111,14,1,0
BRDA:111,15,0,0
BRDA:111,15,1,0
BRDA:112,16,0,0
BRDA:112,16,1,0
BRDA:112,16,2,0
BRDA:112,16,3,0
BRDA:134,17,0,0
BRDA:134,17,1,0
BRDA:141,18,0,0
BRDA:141,18,1,0
BRDA:142,19,0,0
BRDA:142,19,1,0
BRDA:146,20,0,0
BRDA:146,20,1,0
BRDA:151,21,0,0
BRDA:151,21,1,0
BRDA:151,21,2,0
BRDA:151,21,3,0
BRDA:152,22,0,0
BRDA:152,22,1,0
BRDA:155,23,0,0
BRDA:155,23,1,0
BRDA:156,24,0,0
BRDA:156,24,1,0
BRDA:157,25,0,0
BRDA:157,25,1,0
BRDA:163,26,0,0
BRDA:163,26,1,0
BRDA:163,26,2,0
BRDA:164,27,0,0
BRDA:164,27,1,0
BRDA:164,27,2,0
BRF:64
BRH:4
end_of_record
TN:
SF:/Users/nate/workspace2/rekit-portal/src/features/home/Hello.js
FN:4,(anonymous_0)
FNF:1
FNH:1
FNDA:1,(anonymous_0)
DA:5,1
LF:1
LH:1
BRF:0
BRH:0
end_of_record
TN:
SF:/Users/nate/workspace2/rekit-portal/src/features/home/HomePage.js
FN:21,(anonymous_0)
FN:25,(anonymous_1)
FN:33,(anonymous_2)
FN:51,(anonymous_3)
FN:71,(anonymous_4)
FN:86,(anonymous_5)
FNF:6
FNH:5
FNDA:1,(anonymous_0)
FNDA:0,(anonymous_1)
FNDA:1,(anonymous_2)
FNDA:1,(anonymous_3)
FNDA:1,(anonymous_4)
FNDA:1,(anonymous_5)
DA:22,1
DA:23,1
DA:29,0
DA:34,1
DA:35,1
DA:43,1
DA:44,1
DA:45,1
DA:46,1
DA:52,1
DA:72,1
DA:87,1
DA:88,1
DA:89,1
LF:14
LH:13
BRDA:45,0,0,1
BRDA:45,0,1,0
BRF:2
BRH:1
end_of_record
TN:
SF:/Users/nate/workspace2/rekit-portal/src/features/home/ProjectExplorer.js
FN:41,(anonymous_0)
FN:55,(anonymous_1)
FN:117,(anonymous_2)
FN:143,(anonymous_3)
FN:154,(anonymous_4)
FN:189,(anonymous_5)
FN:195,(anonymous_6)
FN:207,(anonymous_7)
FN:232,(anonymous_8)
FN:239,(anonymous_9)
FN:278,(anonymous_10)
FN:287,(anonymous_11)
FN:294,(anonymous_12)
FN:309,(anonymous_13)
FN:317,(anonymous_14)
FN:325,(anonymous_15)
FN:331,(anonymous_16)
FN:345,(anonymous_17)
FN:352,(anonymous_18)
FN:366,(anonymous_19)
FN:379,(anonymous_20)
FN:392,(anonymous_21)
FN:406,(anonymous_22)
FN:419,(anonymous_23)
FNF:24
FNH:3
FNDA:1,(anonymous_0)
FNDA:0,(anonymous_1)
FNDA:0,(anonymous_2)
FNDA:0,(anonymous_3)
FNDA:0,(anonymous_4)
FNDA:0,(anonymous_5)
FNDA:0,(anonymous_6)
FNDA:0,(anonymous_7)
FNDA:0,(anonymous_8)
FNDA:0,(anonymous_9)
FNDA:0,(anonymous_10)
FNDA:0,(anonymous_11)
FNDA:0,(anonymous_12)
FNDA:1,(anonymous_13)
FNDA:0,(anonymous_14)
FNDA:0,(anonymous_15)
FNDA:0,(anonymous_16)
FNDA:0,(anonymous_17)
FNDA:0,(anonymous_18)
FNDA:0,(anonymous_19)
FNDA:0,(anonymous_20)
FNDA:1,(anonymous_21)
FNDA:0,(anonymous_22)
FNDA:0,(anonymous_23)
DA:14,1
DA:16,1
DA:42,1
DA:43,1
DA:44,1
DA:45,1
DA:47,1
DA:56,0
DA:58,0
DA:59,0
DA:60,0
DA:61,0
DA:62,0
DA:63,0
DA:67,0
DA:69,0
DA:74,0
DA:82,0
DA:84,0
DA:89,0
DA:96,0
DA:101,0
DA:108,0
DA:110,0
DA:112,0
DA:114,0
DA:120,0
DA:121,0
DA:122,0
DA:124,0
DA:125,0
DA:133,0
DA:134,0
DA:144,0
DA:146,0
DA:147,0
DA:149,0
DA:150,0
DA:151,0
DA:153,0
DA:154,0
DA:156,0
DA:160,0
DA:162,0
DA:164,0
DA:170,0
DA:171,0
DA:173,0
DA:176,0
DA:181,0
DA:182,0
DA:190,0
DA:191,0
DA:193,0
DA:194,0
DA:195,0
DA:197,0
DA:200,0
DA:201,0
DA:208,0
DA:209,0
DA:211,0
DA:216,0
DA:218,0
DA:219,0
DA:220,0
DA:221,0
DA:222,0
DA:226,0
DA:227,0
DA:228,0
DA:233,0
DA:234,0
DA:240,0
DA:241,0
DA:242,0
DA:244,0
DA:248,0
DA:253,0
DA:257,0
DA:259,0
DA:260,0
DA:261,0
DA:264,0
DA:265,0
DA:266,0
DA:267,0
DA:268,0
DA:269,0
DA:271,0
DA:273,0
DA:279,0
DA:280,0
DA:288,0
DA:289,0
DA:295,0
DA:303,0
DA:305,0
DA:310,1
DA:318,0
DA:325,0
DA:332,0
DA:333,0
DA:334,0
DA:335,0
DA:336,0
DA:346,0
DA:347,0
DA:349,0
DA:353,0
DA:358,0
DA:367,0
DA:380,0
DA:393,1
DA:395,1
DA:396,1
DA:399,0
DA:400,0
DA:401,0
DA:402,0
DA:405,0
DA:406,0
DA:419,0
LF:123
LH:11
BRDA:44,0,0,1
BRDA:44,0,1,0
BRDA:59,1,0,0
BRDA:59,1,1,0
BRDA:60,2,0,0
BRDA:60,2,1,0
BRDA:67,3,0,0
BRDA:67,3,1,0
BRDA:67,3,2,0
BRDA:67,3,3,0
BRDA:67,3,4,0
BRDA:67,3,5,0
BRDA:67,3,6,0
BRDA:67,3,7,0
BRDA:67,3,8,0
BRDA:67,3,9,0
BRDA:122,4,0,0
BRDA:122,4,1,0
BRDA:124,5,0,0
BRDA:124,5,1,0
BRDA:149,6,0,0
BRDA:149,6,1,0
BRDA:151,7,0,0
BRDA:151,7,1,0
BRDA:153,8,0,0
BRDA:153,8,1,0
BRDA:162,9,0,0
BRDA:162,9,1,0
BRDA:171,10,0,0
BRDA:171,10,1,0
BRDA:193,11,0,0
BRDA:193,11,1,0
BRDA:194,12,0,0
BRDA:194,12,1,0
BRDA:209,13,0,0
BRDA:209,13,1,0
BRDA:233,14,0,0
BRDA:233,14,1,0
BRDA:242,15,0,0
BRDA:242,15,1,0
BRDA:242,15,2,0
BRDA:242,15,3,0
BRDA:242,15,4,0
BRDA:242,15,5,0
BRDA:242,15,6,0
BRDA:242,15,7,0
BRDA:242,15,8,0
BRDA:264,16,0,0
BRDA:264,16,1,0
BRDA:266,17,0,0
BRDA:266,17,1,0
BRDA:268,18,0,0
BRDA:268,18,1,0
BRDA:275,19,0,0
BRDA:275,19,1,0
BRDA:283,20,0,0
BRDA:283,20,1,0
BRDA:294,21,0,0
BRDA:333,22,0,0
BRDA:333,22,1,0
BRDA:335,23,0,0
BRDA:335,23,1,0
BRDA:346,24,0,0
BRDA:346,24,1,0
BRDA:360,25,0,0
BRDA:360,25,1,0
BRDA:362,26,0,0
BRDA:362,26,1,0
BRDA:363,27,0,0
BRDA:363,27,1,0
BRDA:366,28,0,0
BRDA:366,28,1,0
BRDA:387,29,0,0
BRDA:387,29,1,0
BRDA:395,30,0,1
BRDA:395,30,1,0
BRDA:401,31,0,0
BRDA:401,31,1,0
BRDA:407,32,0,0
BRDA:407,32,1,0
BRF:80
BRH:2
end_of_record
TN:
SF:/Users/nate/workspace2/rekit-portal/src/features/home/RekitSteps.js
FN:7,(anonymous_0)
FNF:1
FNH:1
FNDA:1,(anonymous_0)
DA:4,1
DA:8,1
LF:2
LH:2
BRF:0
BRH:0
end_of_record
TN:
SF:/Users/nate/workspace2/rekit-portal/src/features/home/RoutesPage.js
FN:16,(anonymous_0)
FN:30,(anonymous_1)
FN:38,(anonymous_2)
FN:70,(anonymous_3)
FNF:4
FNH:1
FNDA:0,(anonymous_0)
FNDA:0,(anonymous_1)
FNDA:1,(anonymous_2)
FNDA:0,(anonymous_3)
DA:8,1
DA:17,0
DA:18,0
DA:20,0
DA:21,0
DA:23,0
DA:24,0
DA:26,0
DA:31,0
DA:39,1
DA:40,1
DA:41,1
DA:42,1
DA:43,1
DA:44,0
DA:46,1
DA:47,1
DA:49,1
DA:50,1
DA:71,0
LF:20
LH:10
BRDA:18,0,0,0
BRDA:18,0,1,0
BRDA:18,0,2,0
BRDA:41,1,0,0
BRDA:41,1,1,1
BRDA:43,2,0,0
BRDA:43,2,1,1
BRDA:59,3,0,1
BRDA:59,3,1,0
BRF:9
BRH:3
end_of_record
TN:
SF:/Users/nate/workspace2/rekit-portal/src/features/home/SidePanel.js
FN:24,(anonymous_0)
FN:31,(anonymous_1)
FN:38,(anonymous_2)
FN:66,(anonymous_3)
FN:73,(anonymous_4)
FN:87,(anonymous_5)
FNF:6
FNH:2
FNDA:0,(anonymous_0)
FNDA:0,(anonymous_1)
FNDA:0,(anonymous_2)
FNDA:0,(anonymous_3)
FNDA:1,(anonymous_4)
FNDA:1,(anonymous_5)
DA:25,0
DA:32,0
DA:39,0
DA:43,0
DA:47,0
DA:49,0
DA:50,0
DA:52,0
DA:53,0
DA:55,0
DA:56,0
DA:58,0
DA:59,0
DA:61,0
DA:67,0
DA:74,1
DA:88,1
DA:89,1
DA:90,1
LF:19
LH:4
BRDA:39,0,0,0
BRDA:39,0,1,0
BRDA:39,0,2,0
BRDA:39,0,3,0
BRDA:39,0,4,0
BRDA:39,0,5,0
BRDA:39,0,6,0
BRDA:39,0,7,0
BRDA:89,1,0,1
BRDA:89,1,1,1
BRDA:106,2,0,1
BRDA:106,2,1,0
BRDA:112,3,0,0
BRDA:112,3,1,0
BRDA:119,4,0,1
BRDA:119,4,1,0
BRF:16
BRH:4
end_of_record
TN:
SF:/Users/nate/workspace2/rekit-portal/src/features/home/index.js
FNF:0
FNH:0
LF:0
LH:0
BRF:0
BRH:0
end_of_record
TN:
SF:/Users/nate/workspace2/rekit-portal/src/features/home/route.js
FNF:0
FNH:0
LF:0
LH:0
BRF:0
BRH:0
end_of_record
TN:
SF:/Users/nate/workspace2/rekit-portal/src/features/home/redux/actions.js
FNF:0
FNH:0
LF:0
LH:0
BRF:0
BRH:0
end_of_record
TN:
SF:/Users/nate/workspace2/rekit-portal/src/features/home/redux/constants.js
FNF:0
FNH:0
DA:1,1
DA:2,1
DA:3,1
DA:4,1
DA:5,1
DA:6,1
DA:7,1
DA:8,1
DA:9,1
DA:10,1
LF:10
LH:10
BRF:0
BRH:0
end_of_record
TN:
SF:/Users/nate/workspace2/rekit-portal/src/features/home/redux/fetchFileContent.js
FN:9,fetchFileContent
FN:10,(anonymous_1)
FN:15,(anonymous_2)
FN:37,dismissFetchFileContentError
FN:43,reducer
FNF:5
FNH:5
FNDA:2,fetchFileContent
FNDA:2,(anonymous_1)
FNDA:2,(anonymous_2)
FNDA:1,dismissFetchFileContentError
FNDA:11,reducer
DA:10,2
DA:11,2
DA:15,2
DA:16,2
DA:17,2
DA:20,1
DA:24,1
DA:26,1
DA:30,1
DA:33,2
DA:38,1
DA:44,11
DA:46,1
DA:53,1
DA:64,1
DA:71,1
DA:77,7
LF:17
LH:17
BRDA:44,0,0,1
BRDA:44,0,1,1
BRDA:44,0,2,1
BRDA:44,0,3,1
BRDA:44,0,4,7
BRF:5
BRH:5
end_of_record
TN:
SF:/Users/nate/workspace2/rekit-portal/src/features/home/redux/fetchProjectData.js
FN:10,fetchProjectData
FN:11,(anonymous_1)
FN:16,(anonymous_2)
FN:18,(anonymous_3)
FN:26,(anonymous_4)
FN:38,dismissFetchProjectDataError
FN:44,reducer
FN:57,(anonymous_7)
FN:65,(anonymous_8)
FN:87,(anonymous_9)
FNF:10
FNH:7
FNDA:3,fetchProjectData
FNDA:3,(anonymous_1)
FNDA:3,(anonymous_2)
FNDA:1,(anonymous_3)
FNDA:2,(anonymous_4)
FNDA:1,dismissFetchProjectDataError
FNDA:11,reducer
FNDA:0,(anonymous_7)
FNDA:0,(anonymous_8)
FNDA:0,(anonymous_9)
DA:11,3
DA:12,3
DA:16,3
DA:17,3
DA:19,1
DA:20,1
DA:24,1
DA:27,2
DA:31,2
DA:39,1
DA:45,11
DA:47,2
DA:54,1
DA:55,1
DA:57,1
DA:58,0
DA:60,0
DA:62,0
DA:65,1
DA:66,0
DA:67,0
DA:68,0
DA:69,0
DA:72,1
DA:74,1
DA:87,0
DA:94,2
DA:101,1
DA:107,5
LF:29
LH:21
BRDA:19,0,0,0
BRDA:19,0,1,1
BRDA:45,1,0,2
BRDA:45,1,1,1
BRDA:45,1,2,2
BRDA:45,1,3,1
BRDA:45,1,4,5
BRDA:58,2,0,0
BRDA:58,2,1,0
BRF:9
BRH:6
end_of_record
TN:
SF:/Users/nate/workspace2/rekit-portal/src/features/home/redux/hideDemoAlert.js
FN:5,hideDemoAlert
FN:11,reducer
FNF:2
FNH:2
FNDA:1,hideDemoAlert
FNDA:8,reducer
DA:6,1
DA:12,8
DA:14,1
DA:20,7
LF:4
LH:4
BRDA:12,0,0,1
BRDA:12,0,1,7
BRF:2
BRH:2
end_of_record
TN:
SF:/Users/nate/workspace2/rekit-portal/src/features/home/redux/initialState.js
FNF:0
FNH:0
DA:1,1
LF:1
LH:1
BRF:0
BRH:0
end_of_record
TN:
SF:/Users/nate/workspace2/rekit-portal/src/features/home/redux/reducer.js
FN:14,reducer
FN:28,(anonymous_1)
FNF:2
FNH:2
FNDA:7,reducer
FNDA:28,(anonymous_1)
DA:7,1
DA:16,7
DA:19,0
DA:23,0
DA:25,7
DA:26,7
DA:28,28
LF:7
LH:5
BRDA:14,0,0,3
BRDA:16,1,0,0
BRDA:16,1,1,7
BRF:3
BRH:2
end_of_record
TN:
SF:/Users/nate/workspace2/rekit-portal/src/features/home/redux/showDemoAlert.js
FN:5,showDemoAlert
FN:11,reducer
FNF:2
FNH:2
FNDA:1,showDemoAlert
FNDA:8,reducer
DA:6,1
DA:12,8
DA:14,1
DA:20,7
LF:4
LH:4
BRDA:12,0,0,1
BRDA:12,0,1,7
BRF:2
BRH:2
end_of_record
TN:
SF:/Users/nate/workspace2/rekit-portal/src/features/home/selectors/explorerTreeData.js
FN:4,(anonymous_0)
FN:5,(anonymous_1)
FN:6,(anonymous_2)
FN:7,(anonymous_3)
FN:9,getMarks
FN:25,getComponentsTreeData
FN:34,(anonymous_6)
FN:45,getActionsTreeData
FN:53,(anonymous_8)
FN:64,getChildData
FN:75,getMiscTreeData
FN:90,(anonymous_11)
FN:91,(anonymous_12)
FN:125,filterTreeNode
FN:129,(anonymous_14)
FN:143,(anonymous_15)
FN:152,(anonymous_16)
FNF:17
FNH:0
FNDA:0,(anonymous_0)
FNDA:0,(anonymous_1)
FNDA:0,(anonymous_2)
FNDA:0,(anonymous_3)
FNDA:0,getMarks
FNDA:0,getComponentsTreeData
FNDA:0,(anonymous_6)
FNDA:0,getActionsTreeData
FNDA:0,(anonymous_8)
FNDA:0,getChildData
FNDA:0,getMiscTreeData
FNDA:0,(anonymous_11)
FNDA:0,(anonymous_12)
FNDA:0,filterTreeNode
FNDA:0,(anonymous_14)
FNDA:0,(anonymous_15)
FNDA:0,(anonymous_16)
DA:4,1
DA:5,1
DA:6,1
DA:7,1
DA:10,0
DA:11,0
DA:13,0
DA:14,0
DA:15,0
DA:17,0
DA:18,0
DA:20,0
DA:22,0
DA:26,0
DA:28,0
DA:34,0
DA:46,0
DA:47,0
DA:53,0
DA:65,0
DA:76,0
DA:77,0
DA:86,1
DA:91,0
DA:92,0
DA:93,0
DA:107,0
DA:121,0
DA:126,0
DA:127,0
DA:130,0
DA:131,0
DA:132,0
DA:133,0
DA:135,0
DA:140,1
DA:144,0
DA:145,0
DA:150,1
DA:153,0
DA:154,0
DA:155,0
DA:156,0
DA:157,0
DA:158,0
DA:159,0
DA:162,0
LF:47
LH:7
BRDA:11,0,0,0
BRDA:11,0,1,0
BRDA:11,0,2,0
BRDA:13,1,0,0
BRDA:13,1,1,0
BRDA:14,2,0,0
BRDA:14,2,1,0
BRDA:17,3,0,0
BRDA:17,3,1,0
BRDA:67,4,0,0
BRDA:67,4,1,0
BRDA:69,5,0,0
BRDA:69,5,1,0
BRDA:71,6,0,0
BRDA:71,6,1,0
BRDA:130,7,0,0
BRDA:130,7,1,0
BRDA:130,8,0,0
BRDA:130,8,1,0
BRDA:131,9,0,0
BRDA:131,9,1,0
BRDA:133,10,0,0
BRDA:133,10,1,0
BRDA:144,11,0,0
BRDA:144,11,1,0
BRDA:157,12,0,0
BRDA:157,12,1,0
BRF:27
BRH:0
end_of_record
TN:
SF:/Users/nate/workspace2/rekit-portal/src/features/home/selectors/getOverviewStat.js
FN:4,(anonymous_0)
FN:5,(anonymous_1)
FN:7,flattenMiscFiles
FN:8,(anonymous_3)
FN:14,(anonymous_4)
FN:23,(anonymous_5)
FNF:6
FNH:3
FNDA:1,(anonymous_0)
FNDA:1,(anonymous_1)
FNDA:0,flattenMiscFiles
FNDA:0,(anonymous_3)
FNDA:1,(anonymous_4)
FNDA:0,(anonymous_5)
DA:4,1
DA:5,1
DA:8,0
DA:11,1
DA:15,1
DA:23,1
DA:24,0
DA:25,0
DA:26,0
DA:27,0
DA:28,0
DA:32,1
DA:34,1
LF:13
LH:7
BRDA:8,0,0,0
BRDA:8,0,1,0
BRF:2
BRH:0
end_of_record
TN:
SF:/Users/nate/workspace2/rekit-portal/src/features/rekit-cmds/CmdDialog.js
FN:9,(anonymous_0)
FNF:1
FNH:1
FNDA:1,(anonymous_0)
DA:10,1
LF:1
LH:1
BRF:0
BRH:0
end_of_record
TN:
SF:/Users/nate/workspace2/rekit-portal/src/features/rekit-cmds/CmdForm.js
FN:33,(anonymous_0)
FN:36,(anonymous_1)
FN:41,(anonymous_2)
FN:44,(anonymous_3)
FN:50,(anonymous_4)
FN:52,(anonymous_5)
FN:66,(anonymous_6)
FN:71,(anonymous_7)
FN:77,(anonymous_8)
FN:92,(anonymous_9)
FN:134,(anonymous_10)
FNF:11
FNH:1
FNDA:0,(anonymous_0)
FNDA:0,(anonymous_1)
FNDA:0,(anonymous_2)
FNDA:0,(anonymous_3)
FNDA:0,(anonymous_4)
FNDA:0,(anonymous_5)
FNDA:0,(anonymous_6)
FNDA:0,(anonymous_7)
FNDA:0,(anonymous_8)
FNDA:0,(anonymous_9)
FNDA:1,(anonymous_10)
DA:16,1
DA:35,0
DA:36,0
DA:42,0
DA:43,0
DA:44,0
DA:45,0
DA:46,0
DA:49,0
DA:50,0
DA:51,0
DA:53,0
DA:54,0
DA:55,0
DA:57,0
DA:67,0
DA:68,0
DA:69,0
DA:70,0
DA:71,0
DA:73,0
DA:75,0
DA:78,0
DA:83,0
DA:85,0
DA:87,0
DA:93,0
DA:94,0
DA:100,0
DA:101,0
DA:108,0
DA:111,0
DA:112,0
DA:113,0
DA:118,0
DA:135,1
DA:136,1
DA:138,1
DA:140,1
DA:143,0
DA:145,0
LF:41
LH:5
BRDA:35,0,0,0
BRDA:35,0,1,0
BRDA:45,1,0,0
BRDA:45,1,1,0
BRDA:54,2,0,0
BRDA:54,2,1,0
BRDA:68,3,0,0
BRDA:68,3,1,0
BRDA:70,4,0,0
BRDA:70,4,1,0
BRDA:73,5,0,0
BRDA:73,5,1,0
BRDA:73,5,2,0
BRDA:73,5,3,0
BRDA:100,6,0,0
BRDA:100,6,1,0
BRDA:112,7,0,0
BRDA:112,7,1,0
BRDA:138,8,0,1
BRDA:138,8,1,0
BRDA:157,9,0,0
BRDA:157,9,1,0
BRF:22
BRH:1
end_of_record
TN:
SF:/Users/nate/workspace2/rekit-portal/src/features/rekit-cmds/DialogPlace.js
FN:18,(anonymous_0)
FN:23,(anonymous_1)
FN:29,(anonymous_2)
FN:35,(anonymous_3)
FN:37,(anonymous_4)
FN:38,(anonymous_5)
FN:43,(anonymous_6)
FNF:7
FNH:1
FNDA:0,(anonymous_0)
FNDA:0,(anonymous_1)
FNDA:1,(anonymous_2)
FNDA:0,(anonymous_3)
FNDA:0,(anonymous_4)
FNDA:0,(anonymous_5)
FNDA:0,(anonymous_6)
DA:9,1
DA:19,0
DA:24,0
DA:25,0
DA:26,0
DA:30,1
DA:31,1
DA:32,1
DA:35,0
DA:37,0
DA:38,0
DA:43,0
LF:12
LH:4
BRDA:34,0,0,1
BRDA:34,0,1,0
BRDA:42,1,0,1
BRDA:42,1,1,0
BRF:4
BRH:2
end_of_record
TN:
SF:/Users/nate/workspace2/rekit-portal/src/features/rekit-cmds/LogViewer.js
FN:22,(anonymous_0)
FN:24,(anonymous_1)
FN:24,(anonymous_2)
FN:31,(anonymous_3)
FN:31,(anonymous_4)
FN:41,(anonymous_5)
FN:45,(anonymous_6)
FN:51,(anonymous_7)
FN:71,(anonymous_8)
FN:78,(anonymous_9)
FNF:10
FNH:1
FNDA:0,(anonymous_0)
FNDA:0,(anonymous_1)
FNDA:0,(anonymous_2)
FNDA:0,(anonymous_3)
FNDA:0,(anonymous_4)
FNDA:0,(anonymous_5)
FNDA:0,(anonymous_6)
FNDA:0,(anonymous_7)
FNDA:1,(anonymous_8)
FNDA:0,(anonymous_9)
DA:3,1
DA:23,0
DA:24,0
DA:25,0
DA:30,0
DA:31,0
DA:32,0
DA:38,0
DA:42,0
DA:45,0
DA:52,0
DA:55,0
DA:57,0
DA:59,0
DA:61,0
DA:63,0
DA:65,0
DA:67,0
DA:72,1
DA:74,1
DA:79,0
LF:21
LH:3
BRDA:23,0,0,0
BRDA:23,0,1,0
BRDA:30,1,0,0
BRDA:30,1,1,0
BRDA:52,2,0,0
BRDA:52,2,1,0
BRDA:52,2,2,0
BRDA:52,2,3,0
BRDA:52,2,4,0
BRDA:52,2,5,0
BRDA:52,2,6,0
BRDA:52,2,7,0
BRDA:81,3,0,0
BRDA:81,3,1,0
BRDA:84,4,0,0
BRDA:84,4,1,0
BRDA:88,5,0,1
BRDA:88,5,1,1
BRF:18
BRH:2
end_of_record
TN:
SF:/Users/nate/workspace2/rekit-portal/src/features/rekit-cmds/LogViewerDialog.js
FN:17,(anonymous_0)
FNF:1
FNH:1
FNDA:1,(anonymous_0)
DA:18,1
DA:19,1
LF:2
LH:2
BRDA:31,0,0,0
BRDA:31,0,1,1
BRF:2
BRH:1
end_of_record
TN:
SF:/Users/nate/workspace2/rekit-portal/src/features/rekit-cmds/TestPage.js
FN:13,(anonymous_0)
FNF:1
FNH:1
FNDA:1,(anonymous_0)
DA:14,1
LF:1
LH:1
BRF:0
BRH:0
end_of_record
TN:
SF:/Users/nate/workspace2/rekit-portal/src/features/rekit-cmds/cmdFormHelper.js
FN:11,getMeta
FN:50,convertArgs
FNF:2
FNH:0
FNDA:0,getMeta
FNDA:0,convertArgs
DA:3,1
DA:12,0
DA:13,0
DA:14,0
DA:16,0
DA:17,0
DA:19,0
DA:24,0
DA:26,0
DA:32,0
DA:35,0
DA:39,0
DA:41,0
DA:42,0
DA:45,0
DA:47,0
DA:51,0
DA:52,0
DA:54,0
DA:60,0
DA:67,0
DA:76,0
DA:83,0
DA:84,0
DA:86,0
LF:25
LH:1
BRDA:14,0,0,0
BRDA:14,0,1,0
BRDA:14,0,2,0
BRDA:14,0,3,0
BRDA:14,0,4,0
BRDA:14,0,5,0
BRDA:20,1,0,0
BRDA:20,1,1,0
BRDA:27,2,0,0
BRDA:27,2,1,0
BRDA:36,3,0,0
BRDA:36,3,1,0
BRDA:52,4,0,0
BRDA:52,4,1,0
BRDA:52,4,2,0
BRDA:52,4,3,0
BRDA:52,4,4,0
BRDA:52,4,5,0
BRDA:71,5,0,0
BRDA:71,5,1,0
BRDA:72,6,0,0
BRDA:72,6,1,0
BRDA:79,7,0,0
BRDA:79,7,1,0
BRDA:80,8,0,0
BRDA:80,8,1,0
BRF:26
BRH:0
end_of_record
TN:
SF:/Users/nate/workspace2/rekit-portal/src/features/rekit-cmds/cmdSuccessNotification.js
FN:5,cmdSuccessNotification
FN:9,(anonymous_1)
FNF:2
FNH:0
FNDA:0,cmdSuccessNotification
FNDA:0,(anonymous_1)
DA:7,0
DA:9,0
DA:10,0
DA:11,0
DA:14,0
LF:5
LH:0
BRF:0
BRH:0
end_of_record
TN:
SF:/Users/nate/workspace2/rekit-portal/src/features/rekit-cmds/index.js
FNF:0
FNH:0
LF:0
LH:0
BRF:0
BRH:0
end_of_record
TN:
SF:/Users/nate/workspace2/rekit-portal/src/features/rekit-cmds/route.js
FNF:0
FNH:0
LF:0
LH:0
BRF:0
BRH:0
end_of_record
TN:
SF:/Users/nate/workspace2/rekit-portal/src/features/rekit-cmds/redux/actions.js
FNF:0
FNH:0
LF:0
LH:0
BRF:0
BRH:0
end_of_record
TN:
SF:/Users/nate/workspace2/rekit-portal/src/features/rekit-cmds/redux/constants.js
FNF:0
FNH:0
DA:1,1
DA:2,1
DA:3,1
DA:4,1
DA:5,1
DA:6,1
LF:6
LH:6
BRF:0
BRH:0
end_of_record
TN:
SF:/Users/nate/workspace2/rekit-portal/src/features/rekit-cmds/redux/execCmd.js
FN:15,execCmd
FN:16,(anonymous_1)
FN:20,(anonymous_2)
FN:43,dismissExecCmdError
FN:49,reducer
FNF:5
FNH:5
FNDA:2,execCmd
FNDA:2,(anonymous_1)
FNDA:2,(anonymous_2)
FNDA:1,dismissExecCmdError
FNDA:11,reducer
DA:16,2
DA:17,2
DA:20,2
DA:21,2
DA:22,2
DA:23,2
DA:25,1
DA:29,1
DA:30,1
DA:32,1
DA:36,1
DA:39,2
DA:44,1
DA:50,11
DA:52,1
DA:59,1
DA:69,1
DA:76,1
DA:82,7
LF:19
LH:19
BRDA:27,0,0,1
BRDA:27,0,1,0
BRDA:27,0,2,0
BRDA:50,1,0,1
BRDA:50,1,1,1
BRDA:50,1,2,1
BRDA:50,1,3,1
BRDA:50,1,4,7
BRF:8
BRH:6
end_of_record
TN:
SF:/Users/nate/workspace2/rekit-portal/src/features/rekit-cmds/redux/hideCmdDialog.js
FN:5,hideCmdDialog
FN:12,reducer
FNF:2
FNH:2
FNDA:1,hideCmdDialog
FNDA:8,reducer
DA:6,1
DA:13,8
DA:15,1
DA:22,7
LF:4
LH:4
BRDA:13,0,0,1
BRDA:13,0,1,7
BRF:2
BRH:2
end_of_record
TN:
SF:/Users/nate/workspace2/rekit-portal/src/features/rekit-cmds/redux/initialState.js
FNF:0
FNH:0
DA:2,1
LF:1
LH:1
BRF:0
BRH:0
end_of_record
TN:
SF:/Users/nate/workspace2/rekit-portal/src/features/rekit-cmds/redux/reducer.js
FN:12,reducer
FN:20,(anonymous_1)
FNF:2
FNH:2
FNDA:7,reducer
FNDA:21,(anonymous_1)
DA:6,1
DA:14,7
DA:17,7
DA:18,7
DA:20,21
LF:5
LH:5
BRDA:12,0,0,3
BRDA:14,1,0,7
BRF:2
BRH:2
end_of_record
TN:
SF:/Users/nate/workspace2/rekit-portal/src/features/rekit-cmds/redux/showCmdDialog.js
FN:5,showCmdDialog
FN:12,reducer
FNF:2
FNH:2
FNDA:1,showCmdDialog
FNDA:8,reducer
DA:6,1
DA:13,8
DA:15,1
DA:22,7
LF:4
LH:4
BRDA:13,0,0,1
BRDA:13,0,1,7
BRF:2
BRH:2
end_of_record
TN:
SF:/Users/nate/workspace2/rekit-portal/src/features/rekit-tools/BuildPage.js
FN:21,(anonymous_0)
FN:22,(anonymous_1)
FN:35,(anonymous_2)
FN:39,(anonymous_3)
FN:67,(anonymous_4)
FNF:5
FNH:1
FNDA:0,(anonymous_0)
FNDA:0,(anonymous_1)
FNDA:1,(anonymous_2)
FNDA:0,(anonymous_3)
FNDA:0,(anonymous_4)
DA:11,1
DA:22,0
DA:23,0
DA:24,0
DA:25,0
DA:27,0
DA:36,1
DA:37,1
DA:38,1
DA:39,1
DA:40,0
DA:41,0
DA:42,0
DA:45,1
DA:68,0
LF:15
LH:6
BRDA:24,0,0,0
BRDA:24,0,1,0
BRDA:36,1,0,1
BRDA:36,1,1,1
BRDA:41,2,0,0
BRDA:41,2,1,0
BRDA:49,3,0,1
BRDA:49,3,1,1
BRDA:50,4,0,0
BRDA:50,4,1,1
BRDA:62,5,0,1
BRDA:62,5,1,1
BRDA:62,5,2,0
BRDA:63,6,0,1
BRDA:63,6,1,1
BRDA:63,6,2,1
BRDA:64,7,0,1
BRDA:64,7,1,0
BRDA:68,8,0,0
BRDA:68,8,1,0
BRF:20
BRH:11
end_of_record
TN:
SF:/Users/nate/workspace2/rekit-portal/src/features/rekit-tools/RunTestPage.js
FN:41,(anonymous_0)
FN:53,(anonymous_1)
FN:57,(anonymous_2)
FN:61,(anonymous_3)
FN:85,(anonymous_4)
FNF:5
FNH:1
FNDA:0,(anonymous_0)
FNDA:0,(anonymous_1)
FNDA:0,(anonymous_2)
FNDA:1,(anonymous_3)
FNDA:0,(anonymous_4)
DA:13,1
DA:42,0
DA:43,0
DA:45,0
DA:54,0
DA:58,0
DA:62,1
DA:63,1
DA:64,1
DA:86,0
LF:10
LH:4
BRDA:42,0,0,0
BRDA:42,0,1,0
BRDA:42,1,0,0
BRDA:42,1,1,0
BRDA:62,2,0,1
BRDA:62,2,1,1
BRDA:70,3,0,0
BRDA:70,3,1,1
BRDA:74,4,0,1
BRDA:74,4,1,0
BRDA:74,4,2,0
BRDA:75,5,0,0
BRDA:75,5,1,0
BRDA:81,6,0,1
BRDA:81,6,1,1
BRDA:81,6,2,1
BRDA:82,7,0,1
BRDA:82,7,1,0
BRDA:86,8,0,0
BRDA:86,8,1,0
BRF:20
BRH:8
end_of_record
TN:
SF:/Users/nate/workspace2/rekit-portal/src/features/rekit-tools/TestCoveragePage.js
FN:11,(anonymous_0)
FN:15,(anonymous_1)
FNF:2
FNH:1
FNDA:0,(anonymous_0)
FNDA:1,(anonymous_1)
DA:12,0
DA:16,1
LF:2
LH:1
BRDA:19,0,0,1
BRDA:19,0,1,1
BRDA:21,1,0,1
BRDA:21,1,1,0
BRF:4
BRH:3
end_of_record
TN:
SF:/Users/nate/workspace2/rekit-portal/src/features/rekit-tools/TestCoverageSummary.js
FN:21,(anonymous_0)
FN:39,(anonymous_1)
FN:43,(anonymous_2)
FN:51,(anonymous_3)
FN:64,(anonymous_4)
FN:72,(anonymous_5)
FN:77,(anonymous_6)
FN:82,(anonymous_7)
FN:96,(anonymous_8)
FN:134,(anonymous_9)
FNF:10
FNH:2
FNDA:1,(anonymous_0)
FNDA:0,(anonymous_1)
FNDA:0,(anonymous_2)
FNDA:0,(anonymous_3)
FNDA:0,(anonymous_4)
FNDA:0,(anonymous_5)
FNDA:0,(anonymous_6)
FNDA:0,(anonymous_7)
FNDA:0,(anonymous_8)
FNDA:2,(anonymous_9)
DA:22,1
DA:23,1
DA:24,0
DA:29,1
DA:30,1
DA:31,0
DA:33,1
DA:36,1
DA:40,0
DA:44,0
DA:52,0
DA:59,0
DA:64,0
DA:65,0
DA:66,0
DA:67,0
DA:68,0
DA:69,0
DA:70,0
DA:71,0
DA:72,0
DA:73,0
DA:74,0
DA:75,0
DA:76,0
DA:77,0
DA:78,0
DA:79,0
DA:82,0
DA:83,0
DA:86,0
DA:97,0
DA:98,0
DA:99,0
DA:100,0
DA:117,0
DA:135,2
DA:136,2
LF:38
LH:8
BRDA:30,0,0,0
BRDA:30,0,1,1
BRDA:74,1,0,0
BRDA:74,1,1,0
BRDA:83,2,0,0
BRDA:83,2,1,0
BRDA:99,3,0,0
BRDA:99,3,1,0
BRDA:135,4,0,0
BRDA:135,4,1,2
BRDA:139,5,0,2
BRDA:139,5,1,1
BRDA:140,6,0,2
BRDA:140,6,1,0
BRDA:145,7,0,2
BRDA:145,7,1,0
BRF:16
BRH:6
end_of_record
TN:
SF:/Users/nate/workspace2/rekit-portal/src/features/rekit-tools/index.js
FNF:0
FNH:0
LF:0
LH:0
BRF:0
BRH:0
end_of_record
TN:
SF:/Users/nate/workspace2/rekit-portal/src/features/rekit-tools/route.js
FNF:0
FNH:0
LF:0
LH:0
BRF:0
BRH:0
end_of_record
TN:
SF:/Users/nate/workspace2/rekit-portal/src/features/rekit-tools/utils.js
FN:2,getTestFilePattern
FNF:1
FNH:1
FNDA:3,getTestFilePattern
DA:4,3
DA:6,1
DA:7,2
DA:8,2
DA:9,1
DA:10,1
DA:11,1
DA:13,0
DA:14,0
DA:15,0
DA:16,0
DA:20,1
DA:24,0
DA:26,2
LF:14
LH:9
BRDA:4,0,0,1
BRDA:4,0,1,2
BRDA:7,1,0,2
BRDA:7,1,1,0
BRDA:11,2,0,0
BRDA:11,2,1,1
BRDA:13,3,0,0
BRDA:13,3,1,0
BRDA:15,4,0,0
BRDA:15,4,1,0
BRF:10
BRH:4
end_of_record
TN:
SF:/Users/nate/workspace2/rekit-portal/src/features/rekit-tools/redux/actions.js
FNF:0
FNH:0
LF:0
LH:0
BRF:0
BRH:0
end_of_record
TN:
SF:/Users/nate/workspace2/rekit-portal/src/features/rekit-tools/redux/checkTestCoverage.js
FN:8,checkTestCoverage
FN:9,(anonymous_1)
FN:13,(anonymous_2)
FN:14,(anonymous_3)
FN:37,dismissCheckTestCoverageError
FN:43,reducer
FNF:6
FNH:6
FNDA:2,checkTestCoverage
FNDA:2,(anonymous_1)
FNDA:2,(anonymous_2)
FNDA:2,(anonymous_3)
FNDA:1,dismissCheckTestCoverageError
FNDA:11,reducer
DA:9,2
DA:10,2
DA:13,2
DA:14,2
DA:15,2
DA:16,1
DA:20,1
DA:22,1
DA:28,1
DA:33,2
DA:38,1
DA:44,11
DA:46,1
DA:53,1
DA:60,1
DA:67,1
DA:73,7
LF:17
LH:17
BRDA:15,0,0,1
BRDA:15,0,1,1
BRDA:15,1,0,2
BRDA:15,1,1,2
BRDA:44,2,0,1
BRDA:44,2,1,1
BRDA:44,2,2,1
BRDA:44,2,3,1
BRDA:44,2,4,7
BRF:9
BRH:9
end_of_record
TN:
SF:/Users/nate/workspace2/rekit-portal/src/features/rekit-tools/redux/clearTestOutput.js
FN:5,clearTestOutput
FN:11,reducer
FNF:2
FNH:2
FNDA:1,clearTestOutput
FNDA:8,reducer
DA:6,1
DA:12,8
DA:14,1
DA:21,7
LF:4
LH:4
BRDA:12,0,0,1
BRDA:12,0,1,7
BRF:2
BRH:2
end_of_record
TN:
SF:/Users/nate/workspace2/rekit-portal/src/features/rekit-tools/redux/constants.js
FNF:0
FNH:0
DA:1,1
DA:2,1
DA:3,1
DA:4,1
DA:5,1
DA:6,1
DA:7,1
DA:8,1
DA:9,1
DA:10,1
DA:11,1
DA:12,1
DA:13,1
LF:13
LH:13
BRF:0
BRH:0
end_of_record
TN:
SF:/Users/nate/workspace2/rekit-portal/src/features/rekit-tools/redux/initialState.js
FNF:0
FNH:0
DA:1,1
LF:1
LH:1
BRF:0
BRH:0
end_of_record
TN:
SF:/Users/nate/workspace2/rekit-portal/src/features/rekit-tools/redux/reducer.js
FN:16,reducer
FN:53,(anonymous_1)
FNF:2
FNH:2
FNDA:7,reducer
FNDA:28,(anonymous_1)
DA:9,1
DA:18,7
DA:21,0
DA:27,0
DA:28,0
DA:32,0
DA:33,0
DA:38,0
DA:40,0
DA:45,0
DA:50,7
DA:51,7
DA:53,28
LF:13
LH:5
BRDA:16,0,0,3
BRDA:18,1,0,0
BRDA:18,1,1,0
BRDA:18,1,2,0
BRDA:18,1,3,0
BRDA:18,1,4,7
BRDA:27,2,0,0
BRDA:27,2,1,0
BRDA:30,3,0,0
BRDA:30,3,1,0
BRDA:32,4,0,0
BRDA:32,4,1,0
BRDA:35,5,0,0
BRDA:35,5,1,0
BRF:14
BRH:2
end_of_record
TN:
SF:/Users/nate/workspace2/rekit-portal/src/features/rekit-tools/redux/runBuild.js
FN:10,runBuild
FN:11,(anonymous_1)
FN:15,(anonymous_2)
FN:38,dismissRunBuildError
FN:44,reducer
FNF:5
FNH:5
FNDA:2,runBuild
FNDA:2,(anonymous_1)
FNDA:2,(anonymous_2)
FNDA:1,dismissRunBuildError
FNDA:11,reducer
DA:11,2
DA:12,2
DA:15,2
DA:16,2
DA:17,2
DA:18,2
DA:20,1
DA:24,1
DA:25,1
DA:27,1
DA:31,1
DA:34,2
DA:39,1
DA:45,11
DA:47,1
DA:55,1
DA:63,1
DA:70,1
DA:76,7
LF:19
LH:19
BRDA:22,0,0,1
BRDA:22,0,1,0
BRDA:22,0,2,0
BRDA:45,1,0,1
BRDA:45,1,1,1
BRDA:45,1,2,1
BRDA:45,1,3,1
BRDA:45,1,4,7
BRF:8
BRH:6
end_of_record
TN:
SF:/Users/nate/workspace2/rekit-portal/src/features/rekit-tools/redux/runTest.js
FN:12,runTest
FN:13,(anonymous_1)
FN:18,(anonymous_2)
FN:41,dismissRunTestError
FN:47,reducer
FNF:5
FNH:5
FNDA:2,runTest
FNDA:2,(anonymous_1)
FNDA:2,(anonymous_2)
FNDA:1,dismissRunTestError
FNDA:11,reducer
DA:13,2
DA:14,2
DA:18,2
DA:19,2
DA:20,2
DA:21,2
DA:23,1
DA:27,1
DA:28,1
DA:30,1
DA:34,1
DA:37,2
DA:42,1
DA:48,11
DA:50,1
DA:59,1
DA:67,1
DA:75,1
DA:81,7
LF:19
LH:19
BRDA:21,0,0,2
BRDA:21,0,1,0
BRDA:25,1,0,1
BRDA:25,1,1,1
BRDA:25,1,2,0
BRDA:48,2,0,1
BRDA:48,2,1,1
BRDA:48,2,2,1
BRDA:48,2,3,1
BRDA:48,2,4,7
BRF:10
BRH:8
end_of_record
